Unity Editor version:    6000.0.36f1 (9fe3b5f71dbb)
Branch:                  6000.0/staging
Build type:              Release
Batch mode:              YES
System name:             Linux
Distro version:          #1 SMP PREEMPT_DYNAMIC Sun, 02 Feb 2025 01:02:29 +0000
Kernel version:          6.13.1-arch1-1
Architecture:            x86_64
Window Protocol:         Wayland (XWayland)
Available memory:        15734 MB
Using pre-set license
Pro License: YES
The selected window backend is (null) 
Gtk-Message: 23:50:14.222: Failed to load module "appmenu-gtk-module"
Desktop is 1920 x 1080 @ 60 Hz
Initialize udev device monitor.

COMMAND LINE ARGUMENTS:
Unity
-adb2
-batchMode
-noUpm
-name
AssetImportWorker0
-projectPath
/home/misusi/Documents/programming/unity-beat-processing
-logFile
Logs/AssetImportWorker0.log
-srvPort
37337
-job-worker-count
3
-background-job-worker-count
8
-gc-helper-count
1
Successfully changed project path to: /home/misusi/Documents/programming/unity-beat-processing

(Unity:84322): Gtk-CRITICAL **: 23:50:14.325: gtk_label_set_text: assertion 'GTK_IS_LABEL (label)' failed

(Unity:84322): Gtk-CRITICAL **: 23:50:14.326: gtk_label_set_text: assertion 'GTK_IS_LABEL (label)' failed
/home/misusi/Documents/programming/unity-beat-processing
[UnityMemory] Configuration Parameters - Can be set up in boot.config
    "memorysetup-bucket-allocator-granularity=16"
    "memorysetup-bucket-allocator-bucket-count=8"
    "memorysetup-bucket-allocator-block-size=33554432"
    "memorysetup-bucket-allocator-block-count=8"
    "memorysetup-main-allocator-block-size=16777216"
    "memorysetup-thread-allocator-block-size=16777216"
    "memorysetup-gfx-main-allocator-block-size=16777216"
    "memorysetup-gfx-thread-allocator-block-size=16777216"
    "memorysetup-cache-allocator-block-size=4194304"
    "memorysetup-typetree-allocator-block-size=2097152"
    "memorysetup-profiler-bucket-allocator-granularity=16"
    "memorysetup-profiler-bucket-allocator-bucket-count=8"
    "memorysetup-profiler-bucket-allocator-block-size=33554432"
    "memorysetup-profiler-bucket-allocator-block-count=8"
    "memorysetup-profiler-allocator-block-size=16777216"
    "memorysetup-profiler-editor-allocator-block-size=1048576"
    "memorysetup-temp-allocator-size-main=16777216"
    "memorysetup-job-temp-allocator-block-size=2097152"
    "memorysetup-job-temp-allocator-block-size-background=1048576"
    "memorysetup-job-temp-allocator-reduction-small-platforms=262144"
    "memorysetup-allocator-temp-initial-block-size-main=262144"
    "memorysetup-allocator-temp-initial-block-size-worker=262144"
    "memorysetup-temp-allocator-size-background-worker=32768"
    "memorysetup-temp-allocator-size-job-worker=262144"
    "memorysetup-temp-allocator-size-preload-manager=33554432"
    "memorysetup-temp-allocator-size-nav-mesh-worker=65536"
    "memorysetup-temp-allocator-size-audio-worker=65536"
    "memorysetup-temp-allocator-size-cloud-worker=32768"
    "memorysetup-temp-allocator-size-gi-baking-worker=262144"
    "memorysetup-temp-allocator-size-gi-baking-worker=262144"
    "memorysetup-temp-allocator-size-gi-baking-worker=262144"
    "memorysetup-temp-allocator-size-gi-baking-worker=262144"
    "memorysetup-temp-allocator-size-gi-baking-worker=262144"
    "memorysetup-temp-allocator-size-gfx=262144"
Player connection [132585937589376]  Target information:

Player connection [132585937589376]  * "[IP] 10.0.0.70 [Port] 0 [Flags] 2 [Guid] 133407718 [EditorId] 133407718 [Version] 1048832 [Id] LinuxEditor(16,10.0.0.70) [Debug] 1 [PackageName] LinuxEditor [ProjectName] Editor" 

Player connection [132585937589376] Host joined multi-casting on [225.0.0.222:54997]...
Player connection [132585937589376] Host joined alternative multi-casting on [225.0.0.222:34997]...
JobSystem: Creating JobQueue using job-worker-count value 3
Input System module state changed to: Initialized.
[Physics::Module] Initialized fallback backend.
[Physics::Module] Id: 0xdecafbad
Library Redirect Path: Library/
[Physics::Module] Selected backend.
[Physics::Module] Name: PhysX
[Physics::Module] Id: 0xf2b8ea05
[Physics::Module] SDK Version: 4.1.2
[Physics::Module] Integration Version: 1.0.0
[Physics::Module] Threading Mode: Multi-Threaded
Refreshing native plugins compatible for Editor in 0.82 ms, found 0 plugins.
Preloading 0 native plugins for Editor in 0.00 ms.
Initialize engine version: 6000.0.36f1 (9fe3b5f71dbb)
[Subsystems] Discovering subsystems at path /home/misusi/Unity/Hub/Editor/6000.0.36f1/Editor/Data/Resources/UnitySubsystems
[Subsystems] Discovering subsystems at path /home/misusi/Documents/programming/unity-beat-processing/Assets
kGfxThreadingModeNonThreaded is not supported on OpenGL Core. Reverting to kGfxThreadingModeDirect instead.
GfxDevice: creating device client; kGfxThreadingModeDirect
GLX Extensions: GLX_ARB_context_flush_control GLX_ARB_create_context GLX_ARB_create_context_no_error GLX_ARB_create_context_profile GLX_ARB_create_context_robustness GLX_ARB_fbconfig_float GLX_ARB_framebuffer_sRGB GLX_ARB_get_proc_address GLX_ARB_multisample GLX_EXT_buffer_age GLX_EXT_create_context_es2_profile GLX_EXT_create_context_es_profile GLX_EXT_fbconfig_packed_float GLX_EXT_framebuffer_sRGB GLX_EXT_no_config_context GLX_EXT_swap_control GLX_EXT_swap_control_tear GLX_EXT_texture_from_pixmap GLX_EXT_visual_info GLX_EXT_visual_rating GLX_MESA_copy_sub_buffer GLX_MESA_gl_interop GLX_MESA_query_renderer GLX_MESA_swap_control GLX_OML_sync_control GLX_SGIS_multisample GLX_SGIX_fbconfig GLX_SGIX_pbuffer GLX_SGIX_visual_select_group GLX_SGI_make_current_read GLX_SGI_video_sync 
Renderer: Mesa Intel(R) UHD Graphics 620 (KBL GT2)
Vendor:   Intel
Version:  4.6 (Core Profile) Mesa 24.3.4-arch1.1
GLES:     0
 GL_3DFX_texture_compression_FXT1 GL_AMD_conservative_depth GL_AMD_depth_clamp_separate GL_AMD_draw_buffers_blend GL_AMD_gpu_shader_int64 GL_AMD_multi_draw_indirect GL_AMD_performance_monitor GL_AMD_pinned_memory GL_AMD_query_buffer_object GL_AMD_seamless_cubemap_per_texture GL_AMD_shader_stencil_export GL_AMD_shader_trinary_minmax GL_AMD_texture_texture4 GL_AMD_vertex_shader_layer GL_AMD_vertex_shader_viewport_index GL_ANGLE_texture_compression_dxt3 GL_ANGLE_texture_compression_dxt5 GL_ARB_ES2_compatibility GL_ARB_ES3_1_compatibility GL_ARB_ES3_2_compatibility GL_ARB_ES3_compatibility GL_ARB_arrays_of_arrays GL_ARB_base_instance GL_ARB_blend_func_extended GL_ARB_buffer_storage GL_ARB_clear_buffer_object GL_ARB_clear_texture GL_ARB_clip_control GL_ARB_compressed_texture_pixel_storage GL_ARB_compute_shader GL_ARB_compute_variable_group_size GL_ARB_conditional_render_inverted GL_ARB_conservative_depth GL_ARB_copy_buffer GL_ARB_copy_image GL_ARB_cull_distance GL_ARB_debug_output GL_ARB_depth_buffer_float GL_ARB
_depth_clamp GL_ARB_derivative_control GL_ARB_direct_state_access GL_ARB_draw_buffers GL_ARB_draw_buffers_blend GL_ARB_draw_elements_base_vertex GL_ARB_draw_indirect GL_ARB_draw_instanced GL_ARB_enhanced_layouts GL_ARB_explicit_attrib_location GL_ARB_explicit_uniform_location GL_ARB_fragment_coord_conventions GL_ARB_fragment_layer_viewport GL_ARB_fragment_shader GL_ARB_fragment_shader_interlock GL_ARB_framebuffer_no_attachments GL_ARB_framebuffer_object GL_ARB_framebuffer_sRGB GL_ARB_get_program_binary GL_ARB_get_texture_sub_image GL_ARB_gl_spirv GL_ARB_gpu_shader5 GL_ARB_gpu_shader_fp64 GL_ARB_gpu_shader_int64 GL_ARB_half_float_pixel GL_ARB_half_float_vertex GL_ARB_indirect_parameters GL_ARB_instanced_arrays GL_ARB_internalformat_query GL_ARB_internalformat_query2 GL_ARB_invalidate_subdata GL_ARB_map_buffer_alignment GL_ARB_map_buffer_range GL_ARB_multi_bind GL_ARB_multi_draw_indirect GL_ARB_occlusion_query2 GL_ARB_parallel_shader_compile GL_ARB_pipeline_statistics_query GL_ARB_pixel_buffer_object GL_ARB_po
int_sprite GL_ARB_polygon_offset_clamp GL_ARB_post_depth_coverage GL_ARB_program_interface_query GL_ARB_provoking_vertex GL_ARB_query_buffer_object GL_ARB_robust_buffer_access_behavior GL_ARB_robustness GL_ARB_sample_shading GL_ARB_sampler_objects GL_ARB_seamless_cube_map GL_ARB_seamless_cubemap_per_texture GL_ARB_separate_shader_objects GL_ARB_shader_atomic_counter_ops GL_ARB_shader_atomic_counters GL_ARB_shader_ballot GL_ARB_shader_bit_encoding GL_ARB_shader_clock GL_ARB_shader_draw_parameters GL_ARB_shader_group_vote GL_ARB_shader_image_load_store GL_ARB_shader_image_size GL_ARB_shader_objects GL_ARB_shader_precision GL_ARB_shader_stencil_export GL_ARB_shader_storage_buffer_object GL_ARB_shader_subroutine GL_ARB_shader_texture_image_samples GL_ARB_shader_texture_lod GL_ARB_shader_viewport_layer_array GL_ARB_shading_language_420pack GL_ARB_shading_language_include GL_ARB_shading_language_packing GL_ARB_spirv_extensions GL_ARB_stencil_texturing GL_ARB_sync GL_ARB_tessellation_shader GL_ARB_texture_barrier G
L_ARB_texture_border_clamp GL_ARB_texture_buffer_object GL_ARB_texture_buffer_object_rgb32 GL_ARB_texture_buffer_range GL_ARB_texture_compression_bptc GL_ARB_texture_compression_rgtc GL_ARB_texture_cube_map_array GL_ARB_texture_filter_anisotropic GL_ARB_texture_float GL_ARB_texture_gather GL_ARB_texture_mirror_clamp_to_edge GL_ARB_texture_multisample GL_ARB_texture_non_power_of_two GL_ARB_texture_query_levels GL_ARB_texture_query_lod GL_ARB_texture_rectangle GL_ARB_texture_rg GL_ARB_texture_rgb10_a2ui GL_ARB_texture_stencil8 GL_ARB_texture_storage GL_ARB_texture_storage_multisample GL_ARB_texture_swizzle GL_ARB_texture_view GL_ARB_timer_query GL_ARB_transform_feedback2 GL_ARB_transform_feedback3 GL_ARB_transform_feedback_instanced GL_ARB_transform_feedback_overflow_query GL_ARB_uniform_buffer_object GL_ARB_vertex_array_bgra GL_ARB_vertex_array_object GL_ARB_vertex_attrib_64bit GL_ARB_vertex_attrib_binding GL_ARB_vertex_buffer_object GL_ARB_vertex_shader GL_ARB_vertex_type_10f_11f_11f_rev GL_ARB_vertex_type_2
_10_10_10_rev GL_ARB_viewport_array GL_ATI_blend_equation_separate GL_ATI_texture_float GL_EXT_EGL_image_storage GL_EXT_EGL_image_storage_compression GL_EXT_EGL_sync GL_EXT_abgr GL_EXT_blend_equation_separate GL_EXT_debug_label GL_EXT_demote_to_helper_invocation GL_EXT_draw_buffers2 GL_EXT_draw_instanced GL_EXT_framebuffer_blit GL_EXT_framebuffer_multisample GL_EXT_framebuffer_multisample_blit_scaled GL_EXT_framebuffer_object GL_EXT_framebuffer_sRGB GL_EXT_memory_object GL_EXT_memory_object_fd GL_EXT_packed_depth_stencil GL_EXT_packed_float GL_EXT_pixel_buffer_object GL_EXT_polygon_offset_clamp GL_EXT_provoking_vertex GL_EXT_semaphore GL_EXT_semaphore_fd GL_EXT_shader_framebuffer_fetch GL_EXT_shader_framebuffer_fetch_non_coherent GL_EXT_shader_integer_mix GL_EXT_shader_samples_identical GL_EXT_texture_array GL_EXT_texture_compression_dxt1 GL_EXT_texture_compression_rgtc GL_EXT_texture_compression_s3tc GL_EXT_texture_filter_anisotropic GL_EXT_texture_integer GL_EXT_texture_sRGB GL_EXT_texture_sRGB_R8 GL_EXT_t
exture_sRGB_decode GL_EXT_texture_shadow_lod GL_EXT_texture_shared_exponent GL_EXT_texture_snorm GL_EXT_texture_storage GL_EXT_texture_swizzle GL_EXT_timer_query GL_EXT_transform_feedback GL_EXT_vertex_array_bgra GL_EXT_vertex_attrib_64bit GL_IBM_multimode_draw_arrays GL_INTEL_blackhole_render GL_INTEL_conservative_rasterization GL_INTEL_performance_query GL_INTEL_shader_atomic_float_minmax GL_INTEL_shader_integer_functions2 GL_KHR_blend_equation_advanced GL_KHR_blend_equation_advanced_coherent GL_KHR_context_flush_control GL_KHR_debug GL_KHR_no_error GL_KHR_parallel_shader_compile GL_KHR_robust_buffer_access_behavior GL_KHR_robustness GL_KHR_texture_compression_astc_ldr GL_KHR_texture_compression_astc_sliced_3d GL_MESA_framebuffer_flip_y GL_MESA_pack_invert GL_MESA_shader_integer_functions GL_MESA_texture_const_bandwidth GL_MESA_texture_signed_rgba GL_NV_alpha_to_coverage_dither_control GL_NV_compute_shader_derivatives GL_NV_conditional_render GL_NV_copy_image GL_NV_depth_clamp GL_NV_fragment_shader_interlo
ck GL_NV_packed_depth_stencil GL_NV_texture_barrier GL_OES_EGL_image GL_S3_s3tc
OPENGL LOG: Creating OpenGL 4.6 graphics device ; Context level  <OpenGL 4.5> ; Context handle -464695696
Initialize mono
Mono path[0] = '/home/misusi/Unity/Hub/Editor/6000.0.36f1/Editor/Data/Managed'
Mono path[1] = '/home/misusi/Unity/Hub/Editor/6000.0.36f1/Editor/Data/MonoBleedingEdge/lib/mono/unityjit-linux'
Mono config path = '/home/misusi/Unity/Hub/Editor/6000.0.36f1/Editor/Data/MonoBleedingEdge/etc'
Using monoOptions --debugger-agent=transport=dt_socket,embedding=1,server=y,suspend=n,address=127.0.0.1:56322
Begin MonoManager ReloadAssembly
Registering precompiled unity dll's ...
Register platform support module: /home/misusi/Unity/Hub/Editor/6000.0.36f1/Editor/Data/PlaybackEngines/WebGLSupport/UnityEditor.WebGL.Extensions.dll
Register platform support module: /home/misusi/Unity/Hub/Editor/6000.0.36f1/Editor/Data/PlaybackEngines/LinuxStandaloneSupport/UnityEditor.LinuxStandalone.Extensions.dll
Registered in 0.006161 seconds.
- Loaded All Assemblies, in  0.932 seconds
Native extension for LinuxStandalone target not found
Native extension for WebGL target not found
Mono: successfully reloaded assembly
- Finished resetting the current domain, in  1.023 seconds
Domain Reload Profiling: 1955ms
	BeginReloadAssembly (233ms)
		ExecutionOrderSort (0ms)
		DisableScriptedObjects (0ms)
		BackupInstance (0ms)
		ReleaseScriptingObjects (0ms)
		CreateAndSetChildDomain (2ms)
	RebuildCommonClasses (113ms)
	RebuildNativeTypeToScriptingClass (31ms)
	initialDomainReloadingComplete (130ms)
	LoadAllAssembliesAndSetupDomain (423ms)
		LoadAssemblies (231ms)
		RebuildTransferFunctionScriptingTraits (0ms)
		AnalyzeDomain (417ms)
			TypeCache.Refresh (414ms)
				TypeCache.ScanAssembly (374ms)
			BuildScriptInfoCaches (0ms)
			ResolveRequiredComponents (1ms)
	FinalizeReload (1025ms)
		ReleaseScriptCaches (0ms)
		RebuildScriptCaches (0ms)
		SetupLoadedEditorAssemblies (910ms)
			LogAssemblyErrors (0ms)
			InitializePlatformSupportModulesInManaged (64ms)
			SetLoadedEditorAssemblies (13ms)
			BeforeProcessingInitializeOnLoad (185ms)
			ProcessInitializeOnLoadAttributes (452ms)
			ProcessInitializeOnLoadMethodAttributes (196ms)
			AfterProcessingInitializeOnLoad (0ms)
			EditorAssembliesLoaded (0ms)
		ExecutionOrderSort2 (0ms)
		AwakeInstancesAfterBackupRestoration (0ms)
========================================================================
Worker process is ready to serve import requests
Import Worker Mode flag is 0x00
Begin MonoManager ReloadAssembly
- Loaded All Assemblies, in  1.272 seconds
Refreshing native plugins compatible for Editor in 0.57 ms, found 0 plugins.
Native extension for LinuxStandalone target not found
Native extension for WebGL target not found
Mono: successfully reloaded assembly
- Finished resetting the current domain, in  1.600 seconds
Domain Reload Profiling: 2870ms
	BeginReloadAssembly (363ms)
		ExecutionOrderSort (0ms)
		DisableScriptedObjects (16ms)
		BackupInstance (0ms)
		ReleaseScriptingObjects (0ms)
		CreateAndSetChildDomain (69ms)
	RebuildCommonClasses (121ms)
	RebuildNativeTypeToScriptingClass (22ms)
	initialDomainReloadingComplete (94ms)
	LoadAllAssembliesAndSetupDomain (668ms)
		LoadAssemblies (601ms)
		RebuildTransferFunctionScriptingTraits (0ms)
		AnalyzeDomain (255ms)
			TypeCache.Refresh (211ms)
				TypeCache.ScanAssembly (184ms)
			BuildScriptInfoCaches (34ms)
			ResolveRequiredComponents (6ms)
	FinalizeReload (1601ms)
		ReleaseScriptCaches (0ms)
		RebuildScriptCaches (0ms)
		SetupLoadedEditorAssemblies (1241ms)
			LogAssemblyErrors (0ms)
			InitializePlatformSupportModulesInManaged (8ms)
			SetLoadedEditorAssemblies (8ms)
			BeforeProcessingInitializeOnLoad (196ms)
			ProcessInitializeOnLoadAttributes (911ms)
			ProcessInitializeOnLoadMethodAttributes (103ms)
			AfterProcessingInitializeOnLoad (14ms)
			EditorAssembliesLoaded (0ms)
		ExecutionOrderSort2 (0ms)
		AwakeInstancesAfterBackupRestoration (11ms)
AutoLocale: current locale expects 'C' but got 'en_GB.UTF-8'Launched and connected shader compiler UnityShaderCompiler after 0.02 seconds
Refreshing native plugins compatible for Editor in 0.61 ms, found 0 plugins.
Preloading 0 native plugins for Editor in 0.00 ms.
Unloading 7 Unused Serialized files (Serialized files now loaded: 0)
Unloading 1791 unused Assets / (1.2 MB). Loaded Objects now: 2284.
Memory consumption went from 63.0 MB to 61.8 MB.
Total: 16.920190 ms (FindLiveObjects: 0.386916 ms CreateObjectMapping: 0.287111 ms MarkObjects: 12.862307 ms  DeleteObjects: 3.380395 ms)

========================================================================
Received Import Request.
  Time since last request: 7269.244894 seconds.
  path: Assets/_Scripts/Player
  artifactKey: Guid(755b324a8046b784eb112490892e9498) Importer(815301076,1909f56bfc062723c751e8b465ee728b)
Start importing Assets/_Scripts/Player using Guid(755b324a8046b784eb112490892e9498) Importer(815301076,1909f56bfc062723c751e8b465ee728b) (PreviewImporter) -> (artifact id: '2087cd3893bc9f8edc751e558b260750') in 0.015747485 seconds
Number of updated asset objects reloaded before import = 0Number of asset objects unloaded after import = 0

========================================================================
Received Import Request.
  Time since last request: 0.000021 seconds.
  path: Assets/_Scripts
  artifactKey: Guid(daefb279c9a7e594289cb05d303bb8ac) Importer(815301076,1909f56bfc062723c751e8b465ee728b)
Start importing Assets/_Scripts using Guid(daefb279c9a7e594289cb05d303bb8ac) Importer(815301076,1909f56bfc062723c751e8b465ee728b) (PreviewImporter) -> (artifact id: '1e8b17de508ca7686e788017bbf49802') in 0.00073763 seconds
Number of updated asset objects reloaded before import = 0Number of asset objects unloaded after import = 0

========================================================================
Received Import Request.
  Time since last request: 1.776942 seconds.
  path: Assets/_Scripts/Utility
  artifactKey: Guid(13bacc3b60e56f044a14e6b3c0c660c8) Importer(815301076,1909f56bfc062723c751e8b465ee728b)
Start importing Assets/_Scripts/Utility using Guid(13bacc3b60e56f044a14e6b3c0c660c8) Importer(815301076,1909f56bfc062723c751e8b465ee728b) (PreviewImporter) -> (artifact id: '9175885156e071ad44d5112f58c35cb4') in 0.000649771 seconds
Number of updated asset objects reloaded before import = 0Number of asset objects unloaded after import = 0

========================================================================
Received Import Request.
  Time since last request: 2.571851 seconds.
  path: Assets/_Scripts/Audio
  artifactKey: Guid(1e96b194ca6f535409c5ff0a8e30918d) Importer(815301076,1909f56bfc062723c751e8b465ee728b)
Start importing Assets/_Scripts/Audio using Guid(1e96b194ca6f535409c5ff0a8e30918d) Importer(815301076,1909f56bfc062723c751e8b465ee728b) (PreviewImporter) -> (artifact id: '49f47b5e7a573936bc4772c32f63faea') in 0.000756494 seconds
Number of updated asset objects reloaded before import = 0Number of asset objects unloaded after import = 0

========================================================================
Received Import Request.
  Time since last request: 1.821209 seconds.
  path: Assets/_Scripts/Audio/BandGenerator.cs
  artifactKey: Guid(ffcf338e6b51ac241a69da2e72e94390) Importer(815301076,1909f56bfc062723c751e8b465ee728b)
Start importing Assets/_Scripts/Audio/BandGenerator.cs using Guid(ffcf338e6b51ac241a69da2e72e94390) Importer(815301076,1909f56bfc062723c751e8b465ee728b) (PreviewImporter) -> (artifact id: '492433c31370e731a4f9ad41f8e31c19') in 0.000779956 seconds
Number of updated asset objects reloaded before import = 0Number of asset objects unloaded after import = 0

========================================================================
Received Import Request.
  Time since last request: 1.523909 seconds.
  path: Assets/_Scripts/Audio/AudioProcessor.cs
  artifactKey: Guid(11a4c1e8597269841995d4a21b7adc5b) Importer(815301076,1909f56bfc062723c751e8b465ee728b)
Start importing Assets/_Scripts/Audio/AudioProcessor.cs using Guid(11a4c1e8597269841995d4a21b7adc5b) Importer(815301076,1909f56bfc062723c751e8b465ee728b) (PreviewImporter) -> (artifact id: '7d3f4af8b0e66bc4d69257d5323c91d7') in 0.000615658 seconds
Number of updated asset objects reloaded before import = 0Number of asset objects unloaded after import = 0

========================================================================
Received Import Request.
  Time since last request: 14.194896 seconds.
  path: Assets/_Materials/Glowie.mat
  artifactKey: Guid(da0abdb55bc62214282b6b778859a20d) Importer(2089858483,192608db42251d675da83286b1cce702)
Start importing Assets/_Materials/Glowie.mat using Guid(da0abdb55bc62214282b6b778859a20d) Importer(2089858483,192608db42251d675da83286b1cce702) (ScriptedImporter) -> (artifact id: 'e8c1ffbbde16476fc9affe20c2df83a5') in 0.448838134 seconds
Number of updated asset objects reloaded before import = 0Number of asset objects unloaded after import = 1

========================================================================
Received Import Request.
  Time since last request: 0.000263 seconds.
  path: Assets/_Prefabs/Environment/Environment.prefab
  artifactKey: Guid(90d5b66c37fb1ed409e341c2cf2e6be4) Importer(2089858483,192608db42251d675da83286b1cce702)
Start importing Assets/_Prefabs/Environment/Environment.prefab using Guid(90d5b66c37fb1ed409e341c2cf2e6be4) Importer(2089858483,192608db42251d675da83286b1cce702) (ScriptedImporter) -> (artifact id: 'f3764b83fc4b7122d64733ef8d84ae8a') in 0.12405055 seconds
Number of updated asset objects reloaded before import = 0Number of asset objects unloaded after import = 16

========================================================================
Received Import Request.
  Time since last request: 0.000025 seconds.
  path: Assets/_Scripts/Audio/BeatFinder.cs
  artifactKey: Guid(9bb783b16e586964e860942bf72bd11d) Importer(2089858483,192608db42251d675da83286b1cce702)
Start importing Assets/_Scripts/Audio/BeatFinder.cs using Guid(9bb783b16e586964e860942bf72bd11d) Importer(2089858483,192608db42251d675da83286b1cce702) (ScriptedImporter) -> (artifact id: 'b78d770f2767c39231347e6d2b79502c') in 0.007245281 seconds
Number of updated asset objects reloaded before import = 0Number of asset objects unloaded after import = 0

========================================================================
Received Import Request.
  Time since last request: 0.000271 seconds.
  path: Assets/_Scripts/Audio/Example.cs
  artifactKey: Guid(6f1b11fd6f03c174390fbe692b78ba9a) Importer(2089858483,192608db42251d675da83286b1cce702)
Start importing Assets/_Scripts/Audio/Example.cs using Guid(6f1b11fd6f03c174390fbe692b78ba9a) Importer(2089858483,192608db42251d675da83286b1cce702) (ScriptedImporter) -> (artifact id: '2eca0371f1a968f2b8da28062a6795fa') in 0.005265542 seconds
Number of updated asset objects reloaded before import = 0Number of asset objects unloaded after import = 0

========================================================================
Received Import Request.
  Time since last request: 0.000395 seconds.
  path: Assets/_Scripts/Audio/ScaleOnFreqRange.cs
  artifactKey: Guid(3f58986a5c4d7a74f842d6a3fa0dc683) Importer(2089858483,192608db42251d675da83286b1cce702)
Start importing Assets/_Scripts/Audio/ScaleOnFreqRange.cs using Guid(3f58986a5c4d7a74f842d6a3fa0dc683) Importer(2089858483,192608db42251d675da83286b1cce702) (ScriptedImporter) -> (artifact id: 'b3da9ab638eb3df6901e4a82d92bcc03') in 0.005053577 seconds
Number of updated asset objects reloaded before import = 0Number of asset objects unloaded after import = 0

========================================================================
Received Import Request.
  Time since last request: 0.000301 seconds.
  path: Assets/_Prefabs/Environment/Main Camera.prefab
  artifactKey: Guid(58066447eebcb5e4b812496c6528bfa5) Importer(2089858483,192608db42251d675da83286b1cce702)
Start importing Assets/_Prefabs/Environment/Main Camera.prefab using Guid(58066447eebcb5e4b812496c6528bfa5) Importer(2089858483,192608db42251d675da83286b1cce702) (ScriptedImporter) -> (artifact id: '0af02e10699c2dbbfc8e11458e44bf13') in 0.06394009 seconds
Number of updated asset objects reloaded before import = 0Number of asset objects unloaded after import = 6

========================================================================
Received Import Request.
  Time since last request: 0.000178 seconds.
  path: Assets/_Scripts/Audio/ScaleOnAmplitude.cs
  artifactKey: Guid(1402b84b691e7e74ea9d9ed2e82babd9) Importer(2089858483,192608db42251d675da83286b1cce702)
Start importing Assets/_Scripts/Audio/ScaleOnAmplitude.cs using Guid(1402b84b691e7e74ea9d9ed2e82babd9) Importer(2089858483,192608db42251d675da83286b1cce702) (ScriptedImporter) -> (artifact id: '3a70ca3aeb6f6fa55c6ea85164686f89') in 0.005123994 seconds
Number of updated asset objects reloaded before import = 0Number of asset objects unloaded after import = 0

========================================================================
Received Import Request.
  Time since last request: 0.000285 seconds.
  path: Assets/_Scripts/Bullets/BulletPattern.cs
  artifactKey: Guid(a464a5bbbcee12c45ad6bc785a146cab) Importer(2089858483,192608db42251d675da83286b1cce702)
Start importing Assets/_Scripts/Bullets/BulletPattern.cs using Guid(a464a5bbbcee12c45ad6bc785a146cab) Importer(2089858483,192608db42251d675da83286b1cce702) (ScriptedImporter) -> (artifact id: 'c2fd6f9ad0399aa29b2402ad01a1bd4e') in 0.006763803 seconds
Number of updated asset objects reloaded before import = 0Number of asset objects unloaded after import = 0

========================================================================
Received Import Request.
  Time since last request: 0.000346 seconds.
  path: Assets/_Scenes/StartMenu.unity
  artifactKey: Guid(854157da3661ef24886d5bdad6430a5f) Importer(2089858483,192608db42251d675da83286b1cce702)
Start importing Assets/_Scenes/StartMenu.unity using Guid(854157da3661ef24886d5bdad6430a5f) Importer(2089858483,192608db42251d675da83286b1cce702) (ScriptedImporter) -> (artifact id: '02bf808817378f5e716dc079fb41e4cf') in 0.035985439 seconds
Number of updated asset objects reloaded before import = 0Number of asset objects unloaded after import = 1

========================================================================
Received Import Request.
  Time since last request: 0.000208 seconds.
  path: Assets/_Prefabs/AudioObjects/BeatDetector.prefab
  artifactKey: Guid(9cad30d74320f1d4d9f5111c8ca6db5e) Importer(2089858483,192608db42251d675da83286b1cce702)
Start importing Assets/_Prefabs/AudioObjects/BeatDetector.prefab using Guid(9cad30d74320f1d4d9f5111c8ca6db5e) Importer(2089858483,192608db42251d675da83286b1cce702) (ScriptedImporter) -> (artifact id: '38b9b3f53871880f185904dff5bfc54c') in 0.024632685 seconds
Number of updated asset objects reloaded before import = 0Number of asset objects unloaded after import = 6

========================================================================
Received Import Request.
  Time since last request: 0.000162 seconds.
  path: Assets/_Scripts/Audio/ReactToBeat.cs
  artifactKey: Guid(9f3461f1d9b048c42b5d3534352e8315) Importer(2089858483,192608db42251d675da83286b1cce702)
Start importing Assets/_Scripts/Audio/ReactToBeat.cs using Guid(9f3461f1d9b048c42b5d3534352e8315) Importer(2089858483,192608db42251d675da83286b1cce702) (ScriptedImporter) -> (artifact id: '2800d7c8a24ee15cfc8978971efb011b') in 0.007424254 seconds
Number of updated asset objects reloaded before import = 0Number of asset objects unloaded after import = 0

========================================================================
Received Import Request.
  Time since last request: 0.000409 seconds.
  path: Assets/_Scripts/Player/Player.cs
  artifactKey: Guid(11228a7d715568a42bd59b75665e1c63) Importer(2089858483,192608db42251d675da83286b1cce702)
Start importing Assets/_Scripts/Player/Player.cs using Guid(11228a7d715568a42bd59b75665e1c63) Importer(2089858483,192608db42251d675da83286b1cce702) (ScriptedImporter) -> (artifact id: '819b3195d27b5d93c47da6f25d5eede0') in 0.007579576 seconds
Number of updated asset objects reloaded before import = 0Number of asset objects unloaded after import = 0

========================================================================
Received Import Request.
  Time since last request: 0.000347 seconds.
  path: Assets/_Scripts/Audio/BandGenerator.cs
  artifactKey: Guid(ffcf338e6b51ac241a69da2e72e94390) Importer(2089858483,192608db42251d675da83286b1cce702)
Start importing Assets/_Scripts/Audio/BandGenerator.cs using Guid(ffcf338e6b51ac241a69da2e72e94390) Importer(2089858483,192608db42251d675da83286b1cce702) (ScriptedImporter) -> (artifact id: 'e728988a9870d454049d0530373184ce') in 0.008178515 seconds
Number of updated asset objects reloaded before import = 0Number of asset objects unloaded after import = 0

========================================================================
Received Import Request.
  Time since last request: 0.000279 seconds.
  path: Assets/_Scripts/Bullets/Bullet.cs
  artifactKey: Guid(23bd18c10d9e8a841bb5a042152422f7) Importer(2089858483,192608db42251d675da83286b1cce702)
Start importing Assets/_Scripts/Bullets/Bullet.cs using Guid(23bd18c10d9e8a841bb5a042152422f7) Importer(2089858483,192608db42251d675da83286b1cce702) (ScriptedImporter) -> (artifact id: 'fa11cbf8d24436a09980f3bda51494f1') in 0.008467628 seconds
Number of updated asset objects reloaded before import = 0Number of asset objects unloaded after import = 0

========================================================================
Received Import Request.
  Time since last request: 0.000191 seconds.
  path: Assets/_Scripts/Audio/UniBpmAnalyzer.cs
  artifactKey: Guid(01849df98b4af0f4da1c6bb0a047f85b) Importer(2089858483,192608db42251d675da83286b1cce702)
Start importing Assets/_Scripts/Audio/UniBpmAnalyzer.cs using Guid(01849df98b4af0f4da1c6bb0a047f85b) Importer(2089858483,192608db42251d675da83286b1cce702) (ScriptedImporter) -> (artifact id: 'd609ce9b90d4a41ffaefcbeb01779b71') in 0.007223554 seconds
Number of updated asset objects reloaded before import = 0Number of asset objects unloaded after import = 0

========================================================================
Received Import Request.
  Time since last request: 0.000345 seconds.
  path: Assets/_Prefabs/Environment/parametric-cube.prefab
  artifactKey: Guid(5d5e00d071b4c7f44816a952bceef00a) Importer(2089858483,192608db42251d675da83286b1cce702)
Start importing Assets/_Prefabs/Environment/parametric-cube.prefab using Guid(5d5e00d071b4c7f44816a952bceef00a) Importer(2089858483,192608db42251d675da83286b1cce702) (ScriptedImporter) -> (artifact id: '74b175f0a425cdba19283a5418096057') in 0.078628665 seconds
Number of updated asset objects reloaded before import = 0Number of asset objects unloaded after import = 7

========================================================================
Received Import Request.
  Time since last request: 0.000168 seconds.
  path: Assets/_Mesh/Materials/Scene_Material.mat
  artifactKey: Guid(ac03b2f6c41e04c4b8964245d8c0f98c) Importer(2089858483,192608db42251d675da83286b1cce702)
Start importing Assets/_Mesh/Materials/Scene_Material.mat using Guid(ac03b2f6c41e04c4b8964245d8c0f98c) Importer(2089858483,192608db42251d675da83286b1cce702) (ScriptedImporter) -> (artifact id: '98c114fab630d67d3fb4996b65aa3d13') in 0.016999717 seconds
Number of updated asset objects reloaded before import = 0Number of asset objects unloaded after import = 1

========================================================================
Received Import Request.
  Time since last request: 0.000472 seconds.
  path: Assets/_Scenes/Scene3D.unity
  artifactKey: Guid(9b77ba8106fca8a4296e165499090a6b) Importer(2089858483,192608db42251d675da83286b1cce702)
Start importing Assets/_Scenes/Scene3D.unity using Guid(9b77ba8106fca8a4296e165499090a6b) Importer(2089858483,192608db42251d675da83286b1cce702) (ScriptedImporter) -> (artifact id: '94b0fb7d19d05d83f24cfbf2c969d8db') in 0.023573479 seconds
Number of updated asset objects reloaded before import = 0Number of asset objects unloaded after import = 1

========================================================================
Received Import Request.
  Time since last request: 0.000223 seconds.
  path: Assets/_Scripts/Player/PlayerInput.cs
  artifactKey: Guid(1603a50ae28d15e4bb6611f14c192b28) Importer(2089858483,192608db42251d675da83286b1cce702)
Start importing Assets/_Scripts/Player/PlayerInput.cs using Guid(1603a50ae28d15e4bb6611f14c192b28) Importer(2089858483,192608db42251d675da83286b1cce702) (ScriptedImporter) -> (artifact id: 'e1b17343e07f929a13dad0b00eaa6cac') in 0.007863038 seconds
Number of updated asset objects reloaded before import = 0Number of asset objects unloaded after import = 0

========================================================================
Received Import Request.
  Time since last request: 0.000372 seconds.
  path: Assets/_Scripts/Audio/SpectrumAnalyzer.cs
  artifactKey: Guid(993a4c662281dab459c74a91a7bca2dd) Importer(2089858483,192608db42251d675da83286b1cce702)
Start importing Assets/_Scripts/Audio/SpectrumAnalyzer.cs using Guid(993a4c662281dab459c74a91a7bca2dd) Importer(2089858483,192608db42251d675da83286b1cce702) (ScriptedImporter) -> (artifact id: '20157b131bc926371cf262d9b3447261') in 0.006010249 seconds
Number of updated asset objects reloaded before import = 0Number of asset objects unloaded after import = 0

========================================================================
Received Import Request.
  Time since last request: 0.000189 seconds.
  path: Assets/_Scenes/Game.unity
  artifactKey: Guid(2674e8636e86ba94f8320bd229eaae95) Importer(2089858483,192608db42251d675da83286b1cce702)
Start importing Assets/_Scenes/Game.unity using Guid(2674e8636e86ba94f8320bd229eaae95) Importer(2089858483,192608db42251d675da83286b1cce702) (ScriptedImporter) -> (artifact id: '923e41eab2777555e32a436e48d16875') in 0.02117693 seconds
Number of updated asset objects reloaded before import = 0Number of asset objects unloaded after import = 1

